[   668.594] (WW) Failed to open protocol names file lib/xorg/protocol.txt
[   668.596] 
X.Org X Server 1.20.11
X Protocol Version 11, Revision 0
[   668.601] Build Operating System: Linux Archlinux
[   668.603] Current Operating System: Linux dungvt 5.12.12-arch1-1 #1 SMP PREEMPT Fri, 18 Jun 2021 21:59:22 +0000 x86_64
[   668.603] Kernel command line: BOOT_IMAGE=/vmlinuz-linux root=UUID=81f449c7-b840-437c-a518-4f384f37f693 rw loglevel=3 quiet
[   668.606] Build Date: 13 April 2021  03:12:10PM
[   668.608]  
[   668.609] Current version of pixman: 0.40.0
[   668.611] 	Before reporting problems, check http://wiki.x.org
	to make sure that you have the latest version.
[   668.611] Markers: (--) probed, (**) from config file, (==) default setting,
	(++) from command line, (!!) notice, (II) informational,
	(WW) warning, (EE) error, (NI) not implemented, (??) unknown.
[   668.617] (==) Log file: "/home/dungvt/.local/share/xorg/Xorg.0.log", Time: Fri Jun 25 05:56:52 2021
[   668.618] (==) Using config file: "/etc/X11/xorg.conf"
[   668.620] (==) Using config directory: "/etc/X11/xorg.conf.d"
[   668.621] (==) Using system config directory "/usr/share/X11/xorg.conf.d"
[   668.621] (==) ServerLayout "Layout0"
[   668.621] (**) |-->Screen "iGPU" (0)
[   668.621] (**) |   |-->Monitor "<default monitor>"
[   668.621] (**) |   |-->Device "iGPU"
[   668.621] (**) |   |-->GPUDevice "dGPU"
[   668.621] (**) |   |-->GPUDevice "Device0"
[   668.621] (==) No monitor specified for screen "iGPU".
	Using a default monitor configuration.
[   668.621] (==) Automatically adding devices
[   668.621] (==) Automatically enabling devices
[   668.621] (==) Automatically adding GPU devices
[   668.621] (==) Automatically binding GPU devices
[   668.621] (==) Max clients allowed: 256, resource mask: 0x1fffff
[   668.621] (WW) The directory "/usr/share/fonts/misc" does not exist.
[   668.621] 	Entry deleted from font path.
[   668.621] (WW) The directory "/usr/share/fonts/OTF" does not exist.
[   668.621] 	Entry deleted from font path.
[   668.621] (WW) The directory "/usr/share/fonts/Type1" does not exist.
[   668.621] 	Entry deleted from font path.
[   668.621] (==) FontPath set to:
	/usr/share/fonts/TTF,
	/usr/share/fonts/100dpi,
	/usr/share/fonts/75dpi
[   668.621] (==) ModulePath set to "/usr/lib/xorg/modules"
[   668.621] (II) The server relies on udev to provide the list of input devices.
	If no devices become available, reconfigure udev or disable AutoAddDevices.
[   668.621] (II) Module ABI versions:
[   668.621] 	X.Org ANSI C Emulation: 0.4
[   668.621] 	X.Org Video Driver: 24.1
[   668.621] 	X.Org XInput driver : 24.1
[   668.621] 	X.Org Server Extension : 10.0
[   668.622] (++) using VT number 1

[   668.623] (II) systemd-logind: took control of session /org/freedesktop/login1/session/_31
[   668.624] (II) xfree86: Adding drm device (/dev/dri/card0)
[   668.624] (II) systemd-logind: got fd for /dev/dri/card0 226:0 fd 10 paused 0
[   668.624] (II) xfree86: Adding drm device (/dev/dri/card1)
[   668.624] (II) systemd-logind: got fd for /dev/dri/card1 226:1 fd 11 paused 0
[   668.625] (**) OutputClass "nvidia" ModulePath extended to "/usr/lib/nvidia/xorg,/usr/lib/xorg/modules,/usr/lib/xorg/modules"
[   668.625] (**) OutputClass "dGPU" ModulePath extended to "/usr/lib/nvidia/xorg,/usr/lib/xorg/modules,/usr/lib/nvidia/xorg,/usr/lib/xorg/modules,/usr/lib/xorg/modules"
[   668.625] (**) OutputClass "nvidia" ModulePath extended to "/usr/lib/nvidia/xorg,/usr/lib/xorg/modules,/usr/lib/nvidia/xorg,/usr/lib/xorg/modules,/usr/lib/nvidia/xorg,/usr/lib/xorg/modules,/usr/lib/xorg/modules"
[   668.625] (**) OutputClass "nvidia" ModulePath extended to "/usr/lib/nvidia/xorg,/usr/lib/xorg/modules,/usr/lib/nvidia/xorg,/usr/lib/xorg/modules,/usr/lib/nvidia/xorg,/usr/lib/xorg/modules,/usr/lib/nvidia/xorg,/usr/lib/xorg/modules,/usr/lib/xorg/modules"
[   668.625] (**) OutputClass "dGPU" setting /dev/dri/card0 as PrimaryGPU
[   668.626] (--) PCI: (0@0:2:0) 8086:3e9b:1043:18fe rev 0, Mem @ 0xa2000000/16777216, 0x80000000/268435456, I/O @ 0x00005000/64, BIOS @ 0x????????/131072
[   668.626] (--) PCI:*(1@0:0:0) 10de:1c8c:1043:18fe rev 161, Mem @ 0xa3000000/16777216, 0x90000000/268435456, 0xa0000000/33554432, I/O @ 0x00004000/128, BIOS @ 0x????????/524288
[   668.626] (WW) Open ACPI failed (/var/run/acpid.socket) (No such file or directory)
[   668.626] (II) LoadModule: "glx"
[   668.626] (II) Loading /usr/lib/xorg/modules/extensions/libglx.so
[   668.627] (II) Module glx: vendor="X.Org Foundation"
[   668.627] 	compiled for 1.20.11, module version = 1.0.0
[   668.627] 	ABI class: X.Org Server Extension, version 10.0
[   668.627] (II) LoadModule: "modesetting"
[   668.627] (II) Loading /usr/lib/xorg/modules/drivers/modesetting_drv.so
[   668.627] (II) Module modesetting: vendor="X.Org Foundation"
[   668.627] 	compiled for 1.20.11, module version = 1.20.11
[   668.627] 	Module class: X.Org Video Driver
[   668.627] 	ABI class: X.Org Video Driver, version 24.1
[   668.627] (II) LoadModule: "nvidia"
[   668.627] (II) Loading /usr/lib/xorg/modules/drivers/nvidia_drv.so
[   668.627] (II) Module nvidia: vendor="NVIDIA Corporation"
[   668.627] 	compiled for 1.6.99.901, module version = 1.0.0
[   668.627] 	Module class: X.Org Video Driver
[   668.627] (II) modesetting: Driver for Modesetting Kernel Drivers: kms
[   668.627] (II) NVIDIA dlloader X Driver  465.31  Thu May 13 22:19:15 UTC 2021
[   668.627] (II) NVIDIA Unified Driver for all Supported NVIDIA GPUs
[   668.627] xf86EnableIOPorts: failed to set IOPL for I/O (Operation not permitted)
[   668.627] (II) modeset(0): using drv /dev/dri/card1
[   668.627] (II) systemd-logind: releasing fd for 226:0
[   668.628] (II) Loading sub module "fb"
[   668.628] (II) LoadModule: "fb"
[   668.628] (II) Loading /usr/lib/xorg/modules/libfb.so
[   668.630] (II) Module fb: vendor="X.Org Foundation"
[   668.630] 	compiled for 1.20.11, module version = 1.0.0
[   668.630] 	ABI class: X.Org ANSI C Emulation, version 0.4
[   668.630] (II) Loading sub module "wfb"
[   668.630] (II) LoadModule: "wfb"
[   668.630] (II) Loading /usr/lib/xorg/modules/libwfb.so
[   668.631] (II) Module wfb: vendor="X.Org Foundation"
[   668.631] 	compiled for 1.20.11, module version = 1.0.0
[   668.631] 	ABI class: X.Org ANSI C Emulation, version 0.4
[   668.631] (II) Loading sub module "ramdac"
[   668.631] (II) LoadModule: "ramdac"
[   668.631] (II) Module "ramdac" already built-in
[   668.635] (WW) VGA arbiter: cannot open kernel arbiter, no multi-card support
[   668.635] (**) modeset(0): Depth 24, (--) framebuffer bpp 32
[   668.635] (==) modeset(0): RGB weight 888
[   668.635] (==) modeset(0): Default visual is TrueColor
[   668.635] (II) Loading sub module "glamoregl"
[   668.635] (II) LoadModule: "glamoregl"
[   668.635] (II) Loading /usr/lib/xorg/modules/libglamoregl.so
[   668.642] (II) Module glamoregl: vendor="X.Org Foundation"
[   668.642] 	compiled for 1.20.11, module version = 1.0.1
[   668.642] 	ABI class: X.Org ANSI C Emulation, version 0.4
[   669.043] (II) modeset(0): glamor X acceleration enabled on Mesa Intel(R) UHD Graphics 630 (CFL GT2)
[   669.043] (II) modeset(0): glamor initialized
[   669.044] (II) modeset(0): Output eDP-1 has no monitor section
[   669.051] (II) modeset(0): Output HDMI-1 has no monitor section
[   669.053] (II) modeset(0): EDID for output eDP-1
[   669.053] (II) modeset(0): Manufacturer: NCP  Model: 29  Serial#: 0
[   669.053] (II) modeset(0): Year: 2017  Week: 0
[   669.053] (II) modeset(0): EDID Version: 1.4
[   669.053] (II) modeset(0): Digital Display Input
[   669.053] (II) modeset(0): 8 bits per channel
[   669.053] (II) modeset(0): Digital interface is DisplayPort
[   669.053] (II) modeset(0): Max Image Size [cm]: horiz.: 34  vert.: 19
[   669.053] (II) modeset(0): Gamma: 2.20
[   669.053] (II) modeset(0): No DPMS capabilities specified
[   669.053] (II) modeset(0): Supported color encodings: RGB 4:4:4 
[   669.053] (II) modeset(0): Default color space is primary color space
[   669.053] (II) modeset(0): First detailed timing is preferred mode
[   669.053] (II) modeset(0): Preferred mode is native pixel format and refresh rate
[   669.053] (II) modeset(0): redX: 0.592 redY: 0.360   greenX: 0.342 greenY: 0.557
[   669.053] (II) modeset(0): blueX: 0.158 blueY: 0.109   whiteX: 0.313 whiteY: 0.329
[   669.053] (II) modeset(0): Manufacturer's mask: 0
[   669.053] (II) modeset(0): Supported detailed timing:
[   669.053] (II) modeset(0): clock: 139.8 MHz   Image Size:  344 x 194 mm
[   669.053] (II) modeset(0): h_active: 1920  h_sync: 1968  h_sync_end 2000 h_blank_end 2080 h_border: 0
[   669.053] (II) modeset(0): v_active: 1080  v_sync: 1083  v_sync_end 1089 v_blanking: 1120 v_border: 0
[   669.053] (II) modeset(0): Supported detailed timing:
[   669.053] (II) modeset(0): clock: 111.8 MHz   Image Size:  344 x 194 mm
[   669.053] (II) modeset(0): h_active: 1920  h_sync: 1968  h_sync_end 2000 h_blank_end 2080 h_border: 0
[   669.053] (II) modeset(0): v_active: 1080  v_sync: 1083  v_sync_end 1089 v_blanking: 1120 v_border: 0
[   669.053] (II) modeset(0):  LM156LF1L06
[   669.053] (II) modeset(0): EDID (in hex):
[   669.053] (II) modeset(0): 	00ffffffffffff003870290000000000
[   669.053] (II) modeset(0): 	001b0104a5221378069a85975c578e28
[   669.053] (II) modeset(0): 	1c505400000001010101010101010101
[   669.053] (II) modeset(0): 	010101010101993680a0703828403020
[   669.053] (II) modeset(0): 	360058c210000018ae2b80a070382840
[   669.053] (II) modeset(0): 	3020360058c210000018000000100000
[   669.053] (II) modeset(0): 	000000000000000000000000000000fe
[   669.053] (II) modeset(0): 	004c4d3135364c46314c30360a200054
[   669.053] (II) modeset(0): Printing probed modes for output eDP-1
[   669.053] (II) modeset(0): Modeline "1920x1080"x60.0  139.77  1920 1968 2000 2080  1080 1083 1089 1120 -hsync -vsync (67.2 kHz eP)
[   669.053] (II) modeset(0): Modeline "1920x1080"x119.9  266.50  1920 1944 1960 2000  1080 1081 1084 1111 doublescan +hsync -vsync (133.2 kHz d)
[   669.053] (II) modeset(0): Modeline "1920x1080"x60.0  173.00  1920 2048 2248 2576  1080 1083 1088 1120 -hsync +vsync (67.2 kHz d)
[   669.053] (II) modeset(0): Modeline "1920x1080"x59.9  138.50  1920 1968 2000 2080  1080 1083 1088 1111 +hsync -vsync (66.6 kHz d)
[   669.053] (II) modeset(0): Modeline "1920x1080"x48.0  111.82  1920 1968 2000 2080  1080 1083 1089 1120 -hsync -vsync (53.8 kHz e)
[   669.053] (II) modeset(0): Modeline "1680x1050"x60.0  146.25  1680 1784 1960 2240  1050 1053 1059 1089 -hsync +vsync (65.3 kHz d)
[   669.053] (II) modeset(0): Modeline "1680x1050"x59.9  119.00  1680 1728 1760 1840  1050 1053 1059 1080 +hsync -vsync (64.7 kHz d)
[   669.053] (II) modeset(0): Modeline "1400x1050"x60.0  122.00  1400 1488 1640 1880  1050 1052 1064 1082 +hsync +vsync (64.9 kHz d)
[   669.053] (II) modeset(0): Modeline "1600x900"x120.0  246.00  1600 1728 1900 2200  900 901 904 932 doublescan -hsync +vsync (111.8 kHz d)
[   669.054] (II) modeset(0): Modeline "1600x900"x119.9  186.50  1600 1624 1640 1680  900 901 904 926 doublescan +hsync -vsync (111.0 kHz d)
[   669.054] (II) modeset(0): Modeline "1600x900"x59.9  118.25  1600 1696 1856 2112  900 903 908 934 -hsync +vsync (56.0 kHz d)
[   669.054] (II) modeset(0): Modeline "1600x900"x59.8   97.50  1600 1648 1680 1760  900 903 908 926 +hsync -vsync (55.4 kHz d)
[   669.054] (II) modeset(0): Modeline "1280x1024"x60.0  108.00  1280 1328 1440 1688  1024 1025 1028 1066 +hsync +vsync (64.0 kHz d)
[   669.054] (II) modeset(0): Modeline "1400x900"x60.0  103.50  1400 1480 1624 1848  900 903 913 934 -hsync +vsync (56.0 kHz d)
[   669.054] (II) modeset(0): Modeline "1400x900"x59.9   86.50  1400 1448 1480 1560  900 903 913 926 +hsync -vsync (55.4 kHz d)
[   669.054] (II) modeset(0): Modeline "1280x960"x60.0  108.00  1280 1376 1488 1800  960 961 964 1000 +hsync +vsync (60.0 kHz d)
[   669.054] (II) modeset(0): Modeline "1440x810"x120.0  198.12  1440 1548 1704 1968  810 811 814 839 doublescan -hsync +vsync (100.7 kHz d)
[   669.054] (II) modeset(0): Modeline "1440x810"x119.9  151.88  1440 1464 1480 1520  810 811 814 833 doublescan +hsync -vsync (99.9 kHz d)
[   669.054] (II) modeset(0): Modeline "1368x768"x59.9   85.25  1368 1440 1576 1784  768 771 781 798 -hsync +vsync (47.8 kHz d)
[   669.054] (II) modeset(0): Modeline "1368x768"x59.9   72.25  1368 1416 1448 1528  768 771 781 790 +hsync -vsync (47.3 kHz d)
[   669.054] (II) modeset(0): Modeline "1280x800"x120.0  174.25  1280 1380 1516 1752  800 801 804 829 doublescan -hsync +vsync (99.5 kHz d)
[   669.054] (II) modeset(0): Modeline "1280x800"x119.9  134.25  1280 1304 1320 1360  800 801 804 823 doublescan +hsync -vsync (98.7 kHz d)
[   669.054] (II) modeset(0): Modeline "1280x800"x59.8   83.50  1280 1352 1480 1680  800 803 809 831 -hsync +vsync (49.7 kHz d)
[   669.054] (II) modeset(0): Modeline "1280x800"x59.9   71.00  1280 1328 1360 1440  800 803 809 823 +hsync -vsync (49.3 kHz d)
[   669.055] (II) modeset(0): Modeline "1280x720"x120.0  156.12  1280 1376 1512 1744  720 721 724 746 doublescan -hsync +vsync (89.5 kHz d)
[   669.055] (II) modeset(0): Modeline "1280x720"x120.0  120.75  1280 1304 1320 1360  720 721 724 740 doublescan +hsync -vsync (88.8 kHz d)
[   669.055] (II) modeset(0): Modeline "1280x720"x59.9   74.50  1280 1344 1472 1664  720 723 728 748 -hsync +vsync (44.8 kHz d)
[   669.055] (II) modeset(0): Modeline "1280x720"x59.7   63.75  1280 1328 1360 1440  720 723 728 741 +hsync -vsync (44.3 kHz d)
[   669.055] (II) modeset(0): Modeline "1024x768"x120.1  133.47  1024 1100 1212 1400  768 768 770 794 doublescan -hsync +vsync (95.3 kHz d)
[   669.055] (II) modeset(0): Modeline "1024x768"x60.0   65.00  1024 1048 1184 1344  768 771 777 806 -hsync -vsync (48.4 kHz d)
[   669.055] (II) modeset(0): Modeline "960x720"x120.0  117.00  960 1024 1128 1300  720 720 722 750 doublescan -hsync +vsync (90.0 kHz d)
[   669.055] (II) modeset(0): Modeline "928x696"x120.1  109.15  928 976 1088 1264  696 696 698 719 doublescan -hsync +vsync (86.4 kHz d)
[   669.055] (II) modeset(0): Modeline "896x672"x120.0  102.40  896 960 1060 1224  672 672 674 697 doublescan -hsync +vsync (83.7 kHz d)
[   669.055] (II) modeset(0): Modeline "1024x576"x119.9   98.50  1024 1092 1200 1376  576 577 580 597 doublescan -hsync +vsync (71.6 kHz d)
[   669.055] (II) modeset(0): Modeline "1024x576"x119.9   78.38  1024 1048 1064 1104  576 577 580 592 doublescan +hsync -vsync (71.0 kHz d)
[   669.055] (II) modeset(0): Modeline "1024x576"x59.9   46.50  1024 1064 1160 1296  576 579 584 599 -hsync +vsync (35.9 kHz d)
[   669.055] (II) modeset(0): Modeline "1024x576"x59.8   42.00  1024 1072 1104 1184  576 579 584 593 +hsync -vsync (35.5 kHz d)
[   669.055] (II) modeset(0): Modeline "960x600"x119.9   96.62  960 1028 1128 1296  600 601 604 622 doublescan -hsync +vsync (74.6 kHz d)
[   669.055] (II) modeset(0): Modeline "960x600"x120.0   77.00  960 984 1000 1040  600 601 604 617 doublescan +hsync -vsync (74.0 kHz d)
[   669.055] (II) modeset(0): Modeline "960x540"x119.9   86.50  960 1024 1124 1288  540 541 544 560 doublescan -hsync +vsync (67.2 kHz d)
[   669.055] (II) modeset(0): Modeline "960x540"x120.0   69.25  960 984 1000 1040  540 541 544 555 doublescan +hsync -vsync (66.6 kHz d)
[   669.055] (II) modeset(0): Modeline "960x540"x59.6   40.75  960 992 1088 1216  540 543 548 562 -hsync +vsync (33.5 kHz d)
[   669.055] (II) modeset(0): Modeline "960x540"x59.8   37.25  960 1008 1040 1120  540 543 548 556 +hsync -vsync (33.3 kHz d)
[   669.055] (II) modeset(0): Modeline "800x600"x120.0   81.00  800 832 928 1080  600 600 602 625 doublescan +hsync +vsync (75.0 kHz d)
[   669.055] (II) modeset(0): Modeline "800x600"x60.3   40.00  800 840 968 1056  600 601 605 628 +hsync +vsync (37.9 kHz d)
[   669.055] (II) modeset(0): Modeline "800x600"x56.2   36.00  800 824 896 1024  600 601 603 625 +hsync +vsync (35.2 kHz d)
[   669.055] (II) modeset(0): Modeline "840x525"x120.0   73.12  840 892 980 1120  525 526 529 544 doublescan -hsync +vsync (65.3 kHz d)
[   669.055] (II) modeset(0): Modeline "840x525"x119.8   59.50  840 864 880 920  525 526 529 540 doublescan +hsync -vsync (64.7 kHz d)
[   669.055] (II) modeset(0): Modeline "864x486"x59.9   32.50  864 888 968 1072  486 489 494 506 -hsync +vsync (30.3 kHz d)
[   669.055] (II) modeset(0): Modeline "864x486"x59.6   30.50  864 912 944 1024  486 489 494 500 +hsync -vsync (29.8 kHz d)
[   669.055] (II) modeset(0): Modeline "700x525"x120.0   61.00  700 744 820 940  525 526 532 541 doublescan +hsync +vsync (64.9 kHz d)
[   669.055] (II) modeset(0): Modeline "800x450"x119.9   59.12  800 848 928 1056  450 451 454 467 doublescan -hsync +vsync (56.0 kHz d)
[   669.055] (II) modeset(0): Modeline "800x450"x119.6   48.75  800 824 840 880  450 451 454 463 doublescan +hsync -vsync (55.4 kHz d)
[   669.055] (II) modeset(0): Modeline "640x512"x120.0   54.00  640 664 720 844  512 512 514 533 doublescan +hsync +vsync (64.0 kHz d)
[   669.055] (II) modeset(0): Modeline "700x450"x119.9   51.75  700 740 812 924  450 451 456 467 doublescan -hsync +vsync (56.0 kHz d)
[   669.055] (II) modeset(0): Modeline "700x450"x119.8   43.25  700 724 740 780  450 451 456 463 doublescan +hsync -vsync (55.4 kHz d)
[   669.055] (II) modeset(0): Modeline "640x480"x120.0   54.00  640 688 744 900  480 480 482 500 doublescan +hsync +vsync (60.0 kHz d)
[   669.055] (II) modeset(0): Modeline "640x480"x59.9   25.18  640 656 752 800  480 490 492 525 -hsync -vsync (31.5 kHz d)
[   669.055] (II) modeset(0): Modeline "720x405"x59.5   22.50  720 744 808 896  405 408 413 422 -hsync +vsync (25.1 kHz d)
[   669.055] (II) modeset(0): Modeline "720x405"x59.0   21.75  720 768 800 880  405 408 413 419 +hsync -vsync (24.7 kHz d)
[   669.055] (II) modeset(0): Modeline "684x384"x119.8   42.62  684 720 788 892  384 385 390 399 doublescan -hsync +vsync (47.8 kHz d)
[   669.055] (II) modeset(0): Modeline "684x384"x119.7   36.12  684 708 724 764  384 385 390 395 doublescan +hsync -vsync (47.3 kHz d)
[   669.055] (II) modeset(0): Modeline "640x400"x119.8   41.75  640 676 740 840  400 401 404 415 doublescan -hsync +vsync (49.7 kHz d)
[   669.055] (II) modeset(0): Modeline "640x400"x120.0   35.50  640 664 680 720  400 401 404 411 doublescan +hsync -vsync (49.3 kHz d)
[   669.055] (II) modeset(0): Modeline "640x360"x119.7   37.25  640 672 736 832  360 361 364 374 doublescan -hsync +vsync (44.8 kHz d)
[   669.055] (II) modeset(0): Modeline "640x360"x119.7   31.88  640 664 680 720  360 361 364 370 doublescan +hsync -vsync (44.3 kHz d)
[   669.055] (II) modeset(0): Modeline "640x360"x59.8   18.00  640 664 720 800  360 363 368 376 -hsync +vsync (22.5 kHz d)
[   669.055] (II) modeset(0): Modeline "640x360"x59.3   17.75  640 688 720 800  360 363 368 374 +hsync -vsync (22.2 kHz d)
[   669.055] (II) modeset(0): Modeline "512x384"x120.0   32.50  512 524 592 672  384 385 388 403 doublescan -hsync -vsync (48.4 kHz d)
[   669.055] (II) modeset(0): Modeline "512x288"x120.0   23.25  512 532 580 648  288 289 292 299 doublescan -hsync +vsync (35.9 kHz d)
[   669.055] (II) modeset(0): Modeline "512x288"x119.8   21.00  512 536 552 592  288 289 292 296 doublescan +hsync -vsync (35.5 kHz d)
[   669.055] (II) modeset(0): Modeline "480x270"x119.3   20.38  480 496 544 608  270 271 274 281 doublescan -hsync +vsync (33.5 kHz d)
[   669.055] (II) modeset(0): Modeline "480x270"x119.6   18.62  480 504 520 560  270 271 274 278 doublescan +hsync -vsync (33.3 kHz d)
[   669.055] (II) modeset(0): Modeline "400x300"x120.6   20.00  400 420 484 528  300 300 302 314 doublescan +hsync +vsync (37.9 kHz d)
[   669.055] (II) modeset(0): Modeline "400x300"x112.7   18.00  400 412 448 512  300 300 301 312 doublescan +hsync +vsync (35.2 kHz d)
[   669.055] (II) modeset(0): Modeline "432x243"x119.8   16.25  432 444 484 536  243 244 247 253 doublescan -hsync +vsync (30.3 kHz d)
[   669.055] (II) modeset(0): Modeline "432x243"x119.1   15.25  432 456 472 512  243 244 247 250 doublescan +hsync -vsync (29.8 kHz d)
[   669.055] (II) modeset(0): Modeline "320x240"x120.1   12.59  320 328 376 400  240 245 246 262 doublescan -hsync -vsync (31.5 kHz d)
[   669.055] (II) modeset(0): Modeline "360x202"x119.0   11.25  360 372 404 448  202 204 206 211 doublescan -hsync +vsync (25.1 kHz d)
[   669.055] (II) modeset(0): Modeline "360x202"x118.3   10.88  360 384 400 440  202 204 206 209 doublescan +hsync -vsync (24.7 kHz d)
[   669.055] (II) modeset(0): Modeline "320x180"x119.7    9.00  320 332 360 400  180 181 184 188 doublescan -hsync +vsync (22.5 kHz d)
[   669.055] (II) modeset(0): Modeline "320x180"x118.6    8.88  320 344 360 400  180 181 184 187 doublescan +hsync -vsync (22.2 kHz d)
[   669.062] (II) modeset(0): EDID for output HDMI-1
[   669.062] (II) modeset(0): Output eDP-1 connected
[   669.062] (II) modeset(0): Output HDMI-1 disconnected
[   669.062] (II) modeset(0): Using exact sizes for initial modes
[   669.062] (II) modeset(0): Output eDP-1 using initial mode 1920x1080 +0+0
[   669.062] (==) modeset(0): Using gamma correction (1.0, 1.0, 1.0)
[   669.062] (==) modeset(0): DPI set to (96, 96)
[   669.062] (II) Loading sub module "fb"
[   669.062] (II) LoadModule: "fb"
[   669.062] (II) Loading /usr/lib/xorg/modules/libfb.so
[   669.062] (II) Module fb: vendor="X.Org Foundation"
[   669.062] 	compiled for 1.20.11, module version = 1.0.0
[   669.062] 	ABI class: X.Org ANSI C Emulation, version 0.4
[   669.062] (**) NVIDIA(G0): Depth 24, (--) framebuffer bpp 32
[   669.062] (==) NVIDIA(G0): RGB weight 888
[   669.062] (==) NVIDIA(G0): Default visual is TrueColor
[   669.062] (==) NVIDIA(G0): Using gamma correction (1.0, 1.0, 1.0)
[   669.062] (**) Option "AllowNVIDIAGpuScreens"
[   669.063] (II) Applying OutputClass "nvidia" options to /dev/dri/card0
[   669.063] (II) Applying OutputClass "dGPU" options to /dev/dri/card0
[   669.063] (II) Applying OutputClass "nvidia" options to /dev/dri/card0
[   669.063] (II) Applying OutputClass "nvidia" options to /dev/dri/card0
[   669.063] (**) NVIDIA(G0): Option "AllowEmptyInitialConfiguration"
[   669.063] (**) NVIDIA(G0): Enabling 2D acceleration
[   669.063] (II) Loading sub module "glxserver_nvidia"
[   669.063] (II) LoadModule: "glxserver_nvidia"
[   669.063] (II) Loading /usr/lib/nvidia/xorg/libglxserver_nvidia.so
[   669.137] (II) Module glxserver_nvidia: vendor="NVIDIA Corporation"
[   669.137] 	compiled for 1.6.99.901, module version = 1.0.0
[   669.137] 	Module class: X.Org Server Extension
[   669.137] (II) NVIDIA GLX Module  465.31  Thu May 13 22:16:59 UTC 2021
[   669.139] (II) NVIDIA: The X server supports PRIME Render Offload.
[   669.830] (II) NVIDIA(G0): NVIDIA GPU NVIDIA GeForce GTX 1050 Ti (GP107-A) at PCI:1:0:0
[   669.830] (II) NVIDIA(G0):     (GPU-0)
[   669.830] (--) NVIDIA(G0): Memory: 4194304 kBytes
[   669.830] (--) NVIDIA(G0): VideoBIOS: 86.07.50.00.59
[   669.830] (II) NVIDIA(G0): Detected PCI Express Link width: 16X
[   669.830] (II) NVIDIA(G0): Validated MetaModes:
[   669.830] (II) NVIDIA(G0):     "NULL"
[   669.830] (II) NVIDIA(G0): Virtual screen size determined to be 640 x 480
[   669.830] (WW) NVIDIA(G0): Unable to get display device for DPI computation.
[   669.830] (==) NVIDIA(G0): DPI set to (75, 75); computed from built-in default
[   669.921] (==) modeset(0): Backing store enabled
[   669.921] (==) modeset(0): Silken mouse disabled
[   669.991] (II) modeset(0): Initializing kms color map for depth 24, 8 bpc.
[   669.991] (==) modeset(0): DPMS enabled
[   669.991] (II) modeset(0): [DRI2] Setup complete
[   669.991] (II) modeset(0): [DRI2]   DRI driver: iris
[   669.991] (II) modeset(0): [DRI2]   VDPAU driver: va_gl
[   669.992] (WW) NVIDIA: Failed to bind sideband socket to
[   669.992] (WW) NVIDIA:     '/var/run/nvidia-xdriver-624fb87c' Permission denied
[   669.992] (II) NVIDIA: Reserving 24576.00 MB of virtual memory for indirect memory
[   669.992] (II) NVIDIA:     access.
[   670.001] (II) NVIDIA(G0): ACPI: failed to connect to the ACPI event daemon; the daemon
[   670.001] (II) NVIDIA(G0):     may not be running or the "AcpidSocketPath" X
[   670.001] (II) NVIDIA(G0):     configuration option may not be set correctly.  When the
[   670.001] (II) NVIDIA(G0):     ACPI event daemon is available, the NVIDIA X driver will
[   670.001] (II) NVIDIA(G0):     try to use it to receive ACPI event notifications.  For
[   670.001] (II) NVIDIA(G0):     details, please see the "ConnectToAcpid" and
[   670.001] (II) NVIDIA(G0):     "AcpidSocketPath" X configuration options in Appendix B: X
[   670.001] (II) NVIDIA(G0):     Config Options in the README.
[   670.041] (II) NVIDIA(G0): Setting mode "NULL"
[   670.044] (==) NVIDIA(G0): Disabling shared memory pixmaps
[   670.044] (==) NVIDIA(G0): Backing store enabled
[   670.044] (==) NVIDIA(G0): Silken mouse disabled
[   670.044] (==) NVIDIA(G0): DPMS enabled
[   670.045] (WW) NVIDIA(G0): Option "PrimaryGPU" is not used
[   670.045] (II) Loading sub module "dri2"
[   670.045] (II) LoadModule: "dri2"
[   670.045] (II) Module "dri2" already built-in
[   670.045] (II) NVIDIA(G0): [DRI2] Setup complete
[   670.045] (II) NVIDIA(G0): [DRI2]   VDPAU driver: nvidia
[   670.045] (II) Initializing extension Generic Event Extension
[   670.045] (II) Initializing extension SHAPE
[   670.045] (II) Initializing extension MIT-SHM
[   670.045] (II) Initializing extension XInputExtension
[   670.045] (II) Initializing extension XTEST
[   670.045] (II) Initializing extension BIG-REQUESTS
[   670.045] (II) Initializing extension SYNC
[   670.045] (II) Initializing extension XKEYBOARD
[   670.045] (II) Initializing extension XC-MISC
[   670.045] (II) Initializing extension SECURITY
[   670.045] (II) Initializing extension XFIXES
[   670.045] (II) Initializing extension RENDER
[   670.045] (II) Initializing extension RANDR
[   670.045] (II) Initializing extension COMPOSITE
[   670.045] (II) Initializing extension DAMAGE
[   670.045] (II) Initializing extension MIT-SCREEN-SAVER
[   670.045] (II) Initializing extension DOUBLE-BUFFER
[   670.045] (II) Initializing extension RECORD
[   670.045] (II) Initializing extension DPMS
[   670.045] (II) Initializing extension Present
[   670.045] (II) Initializing extension DRI3
[   670.045] (II) Initializing extension X-Resource
[   670.045] (II) Initializing extension XVideo
[   670.045] (II) Initializing extension XVideo-MotionCompensation
[   670.045] (II) Initializing extension GLX
[   670.046] (II) Initializing extension GLX
[   670.046] (II) Indirect GLX disabled.
[   670.053] (II) AIGLX: Loaded and initialized iris
[   670.053] (II) GLX: Initialized DRI2 GL provider for screen 0
[   670.053] (II) Initializing extension XFree86-VidModeExtension
[   670.053] (II) Initializing extension XFree86-DGA
[   670.053] (II) Initializing extension XFree86-DRI
[   670.053] (II) Initializing extension DRI2
[   670.053] (II) Initializing extension NV-GLX
[   670.053] (II) Initializing extension NV-CONTROL
[   670.053] (II) modeset(0): Damage tracking initialized
[   670.053] (II) modeset(0): Setting screen physical size to 508 x 285
[   670.122] (II) config/udev: Adding input device Power Button (/dev/input/event3)
[   670.122] (**) Power Button: Applying InputClass "libinput keyboard catchall"
[   670.122] (II) LoadModule: "libinput"
[   670.122] (II) Loading /usr/lib/xorg/modules/input/libinput_drv.so
[   670.127] (II) Module libinput: vendor="X.Org Foundation"
[   670.127] 	compiled for 1.20.11, module version = 1.1.0
[   670.127] 	Module class: X.Org XInput Driver
[   670.127] 	ABI class: X.Org XInput driver, version 24.1
[   670.127] (II) Using input driver 'libinput' for 'Power Button'
[   670.128] (II) systemd-logind: got fd for /dev/input/event3 13:67 fd 31 paused 0
[   670.128] (**) Power Button: always reports core events
[   670.128] (**) Option "Device" "/dev/input/event3"
[   670.129] (**) Option "_source" "server/udev"
[   670.137] (II) event3  - Power Button: is tagged by udev as: Keyboard
[   670.137] (II) event3  - Power Button: device is a keyboard
[   670.137] (II) event3  - Power Button: device removed
[   670.137] (**) Option "config_info" "udev:/sys/devices/LNXSYSTM:00/LNXPWRBN:00/input/input3/event3"
[   670.137] (II) XINPUT: Adding extended input device "Power Button" (type: KEYBOARD, id 6)
[   670.138] (II) event3  - Power Button: is tagged by udev as: Keyboard
[   670.138] (II) event3  - Power Button: device is a keyboard
[   670.138] (II) config/udev: Adding input device Asus Wireless Radio Control (/dev/input/event8)
[   670.138] (**) Asus Wireless Radio Control: Applying InputClass "libinput keyboard catchall"
[   670.138] (II) Using input driver 'libinput' for 'Asus Wireless Radio Control'
[   670.139] (II) systemd-logind: got fd for /dev/input/event8 13:72 fd 34 paused 0
[   670.139] (**) Asus Wireless Radio Control: always reports core events
[   670.139] (**) Option "Device" "/dev/input/event8"
[   670.139] (**) Option "_source" "server/udev"
[   670.139] (II) event8  - Asus Wireless Radio Control: is tagged by udev as: Keyboard
[   670.139] (II) event8  - Asus Wireless Radio Control: device is a keyboard
[   670.139] (II) event8  - Asus Wireless Radio Control: device removed
[   670.139] (**) Option "config_info" "udev:/sys/devices/LNXSYSTM:00/LNXSYBUS:00/ATK4002:00/input/input8/event8"
[   670.139] (II) XINPUT: Adding extended input device "Asus Wireless Radio Control" (type: KEYBOARD, id 7)
[   670.140] (II) event8  - Asus Wireless Radio Control: is tagged by udev as: Keyboard
[   670.140] (II) event8  - Asus Wireless Radio Control: device is a keyboard
[   670.141] (II) config/udev: Adding input device Video Bus (/dev/input/event13)
[   670.141] (**) Video Bus: Applying InputClass "libinput keyboard catchall"
[   670.141] (II) Using input driver 'libinput' for 'Video Bus'
[   670.141] (II) systemd-logind: got fd for /dev/input/event13 13:77 fd 35 paused 0
[   670.141] (**) Video Bus: always reports core events
[   670.141] (**) Option "Device" "/dev/input/event13"
[   670.141] (**) Option "_source" "server/udev"
[   670.142] (II) event13 - Video Bus: is tagged by udev as: Keyboard
[   670.142] (II) event13 - Video Bus: device is a keyboard
[   670.142] (II) event13 - Video Bus: device removed
[   670.142] (**) Option "config_info" "udev:/sys/devices/LNXSYSTM:00/LNXSYBUS:00/PNP0A08:00/LNXVIDEO:00/input/input13/event13"
[   670.142] (II) XINPUT: Adding extended input device "Video Bus" (type: KEYBOARD, id 8)
[   670.142] (II) event13 - Video Bus: is tagged by udev as: Keyboard
[   670.142] (II) event13 - Video Bus: device is a keyboard
[   670.143] (II) config/udev: Adding input device Video Bus (/dev/input/event14)
[   670.143] (**) Video Bus: Applying InputClass "libinput keyboard catchall"
[   670.143] (II) Using input driver 'libinput' for 'Video Bus'
[   670.143] (II) systemd-logind: got fd for /dev/input/event14 13:78 fd 36 paused 0
[   670.143] (**) Video Bus: always reports core events
[   670.143] (**) Option "Device" "/dev/input/event14"
[   670.143] (**) Option "_source" "server/udev"
[   670.143] (II) event14 - Video Bus: is tagged by udev as: Keyboard
[   670.143] (II) event14 - Video Bus: device is a keyboard
[   670.144] (II) event14 - Video Bus: device removed
[   670.144] (**) Option "config_info" "udev:/sys/devices/LNXSYSTM:00/LNXSYBUS:00/PNP0A08:00/device:13/LNXVIDEO:01/input/input14/event14"
[   670.144] (II) XINPUT: Adding extended input device "Video Bus" (type: KEYBOARD, id 9)
[   670.144] (II) event14 - Video Bus: is tagged by udev as: Keyboard
[   670.144] (II) event14 - Video Bus: device is a keyboard
[   670.144] (II) config/udev: Adding input device Power Button (/dev/input/event1)
[   670.144] (**) Power Button: Applying InputClass "libinput keyboard catchall"
[   670.144] (II) Using input driver 'libinput' for 'Power Button'
[   670.145] (II) systemd-logind: got fd for /dev/input/event1 13:65 fd 37 paused 0
[   670.145] (**) Power Button: always reports core events
[   670.145] (**) Option "Device" "/dev/input/event1"
[   670.145] (**) Option "_source" "server/udev"
[   670.145] (II) event1  - Power Button: is tagged by udev as: Keyboard
[   670.145] (II) event1  - Power Button: device is a keyboard
[   670.145] (II) event1  - Power Button: device removed
[   670.145] (**) Option "config_info" "udev:/sys/devices/LNXSYSTM:00/LNXSYBUS:00/PNP0C0C:00/input/input1/event1"
[   670.145] (II) XINPUT: Adding extended input device "Power Button" (type: KEYBOARD, id 10)
[   670.146] (II) event1  - Power Button: is tagged by udev as: Keyboard
[   670.146] (II) event1  - Power Button: device is a keyboard
[   670.146] (II) config/udev: Adding input device Lid Switch (/dev/input/event2)
[   670.146] (II) No input driver specified, ignoring this device.
[   670.146] (II) This device may have been added with another device file.
[   670.146] (II) config/udev: Adding input device Sleep Button (/dev/input/event0)
[   670.146] (**) Sleep Button: Applying InputClass "libinput keyboard catchall"
[   670.146] (II) Using input driver 'libinput' for 'Sleep Button'
[   670.147] (II) systemd-logind: got fd for /dev/input/event0 13:64 fd 38 paused 0
[   670.147] (**) Sleep Button: always reports core events
[   670.147] (**) Option "Device" "/dev/input/event0"
[   670.147] (**) Option "_source" "server/udev"
[   670.148] (II) event0  - Sleep Button: is tagged by udev as: Keyboard
[   670.148] (II) event0  - Sleep Button: device is a keyboard
[   670.148] (II) event0  - Sleep Button: device removed
[   670.148] (**) Option "config_info" "udev:/sys/devices/LNXSYSTM:00/LNXSYBUS:00/PNP0C0E:00/input/input0/event0"
[   670.148] (II) XINPUT: Adding extended input device "Sleep Button" (type: KEYBOARD, id 11)
[   670.149] (II) event0  - Sleep Button: is tagged by udev as: Keyboard
[   670.149] (II) event0  - Sleep Button: device is a keyboard
[   670.149] (II) config/udev: Adding input device HID 1bcf:08a0 Mouse (/dev/input/event5)
[   670.149] (**) HID 1bcf:08a0 Mouse: Applying InputClass "libinput pointer catchall"
[   670.149] (II) Using input driver 'libinput' for 'HID 1bcf:08a0 Mouse'
[   670.150] (II) systemd-logind: got fd for /dev/input/event5 13:69 fd 39 paused 0
[   670.150] (**) HID 1bcf:08a0 Mouse: always reports core events
[   670.150] (**) Option "Device" "/dev/input/event5"
[   670.150] (**) Option "_source" "server/udev"
[   670.150] (II) event5  - HID 1bcf:08a0 Mouse: is tagged by udev as: Mouse
[   670.150] (II) event5  - HID 1bcf:08a0 Mouse: device is a pointer
[   670.151] (II) event5  - HID 1bcf:08a0 Mouse: device removed
[   670.151] (**) Option "config_info" "udev:/sys/devices/pci0000:00/0000:00:14.0/usb1/1-3/1-3:1.0/0003:1BCF:08A0.0001/input/input5/event5"
[   670.151] (II) XINPUT: Adding extended input device "HID 1bcf:08a0 Mouse" (type: MOUSE, id 12)
[   670.151] (**) Option "AccelerationScheme" "none"
[   670.151] (**) HID 1bcf:08a0 Mouse: (accel) selected scheme none/0
[   670.151] (**) HID 1bcf:08a0 Mouse: (accel) acceleration factor: 2.000
[   670.151] (**) HID 1bcf:08a0 Mouse: (accel) acceleration threshold: 4
[   670.151] (II) event5  - HID 1bcf:08a0 Mouse: is tagged by udev as: Mouse
[   670.151] (II) event5  - HID 1bcf:08a0 Mouse: device is a pointer
[   670.152] (II) config/udev: Adding input device HID 1bcf:08a0 Mouse (/dev/input/mouse0)
[   670.152] (II) No input driver specified, ignoring this device.
[   670.152] (II) This device may have been added with another device file.
[   670.152] (II) config/udev: Adding input device HID 1bcf:08a0 Keyboard (/dev/input/event6)
[   670.152] (**) HID 1bcf:08a0 Keyboard: Applying InputClass "libinput keyboard catchall"
[   670.152] (II) Using input driver 'libinput' for 'HID 1bcf:08a0 Keyboard'
[   670.153] (II) systemd-logind: got fd for /dev/input/event6 13:70 fd 40 paused 0
[   670.153] (**) HID 1bcf:08a0 Keyboard: always reports core events
[   670.153] (**) Option "Device" "/dev/input/event6"
[   670.153] (**) Option "_source" "server/udev"
[   670.153] (II) event6  - HID 1bcf:08a0 Keyboard: is tagged by udev as: Keyboard
[   670.153] (II) event6  - HID 1bcf:08a0 Keyboard: device is a keyboard
[   670.153] (II) event6  - HID 1bcf:08a0 Keyboard: device removed
[   670.153] (II) libinput: HID 1bcf:08a0 Keyboard: needs a virtual subdevice
[   670.153] (**) Option "config_info" "udev:/sys/devices/pci0000:00/0000:00:14.0/usb1/1-3/1-3:1.0/0003:1BCF:08A0.0001/input/input6/event6"
[   670.153] (II) XINPUT: Adding extended input device "HID 1bcf:08a0 Keyboard" (type: MOUSE, id 13)
[   670.153] (**) Option "AccelerationScheme" "none"
[   670.153] (**) HID 1bcf:08a0 Keyboard: (accel) selected scheme none/0
[   670.153] (**) HID 1bcf:08a0 Keyboard: (accel) acceleration factor: 2.000
[   670.153] (**) HID 1bcf:08a0 Keyboard: (accel) acceleration threshold: 4
[   670.155] (II) event6  - HID 1bcf:08a0 Keyboard: is tagged by udev as: Keyboard
[   670.155] (II) event6  - HID 1bcf:08a0 Keyboard: device is a keyboard
[   670.155] (II) config/udev: Adding input device HID 1bcf:08a0 (/dev/input/event7)
[   670.156] (**) HID 1bcf:08a0: Applying InputClass "libinput keyboard catchall"
[   670.156] (II) Using input driver 'libinput' for 'HID 1bcf:08a0'
[   670.156] (II) systemd-logind: got fd for /dev/input/event7 13:71 fd 41 paused 0
[   670.156] (**) HID 1bcf:08a0: always reports core events
[   670.156] (**) Option "Device" "/dev/input/event7"
[   670.156] (**) Option "_source" "server/udev"
[   670.157] (II) event7  - HID 1bcf:08a0: is tagged by udev as: Keyboard
[   670.157] (II) event7  - HID 1bcf:08a0: device is a keyboard
[   670.157] (II) event7  - HID 1bcf:08a0: device removed
[   670.157] (**) Option "config_info" "udev:/sys/devices/pci0000:00/0000:00:14.0/usb1/1-3/1-3:1.0/0003:1BCF:08A0.0001/input/input7/event7"
[   670.157] (II) XINPUT: Adding extended input device "HID 1bcf:08a0" (type: KEYBOARD, id 14)
[   670.157] (II) event7  - HID 1bcf:08a0: is tagged by udev as: Keyboard
[   670.158] (II) event7  - HID 1bcf:08a0: device is a keyboard
[   670.158] (II) config/udev: Adding input device USB2.0 HD UVC WebCam: USB2.0 HD (/dev/input/event12)
[   670.158] (**) USB2.0 HD UVC WebCam: USB2.0 HD: Applying InputClass "libinput keyboard catchall"
[   670.158] (II) Using input driver 'libinput' for 'USB2.0 HD UVC WebCam: USB2.0 HD'
[   670.158] (II) systemd-logind: got fd for /dev/input/event12 13:76 fd 42 paused 0
[   670.158] (**) USB2.0 HD UVC WebCam: USB2.0 HD: always reports core events
[   670.158] (**) Option "Device" "/dev/input/event12"
[   670.158] (**) Option "_source" "server/udev"
[   670.159] (II) event12 - USB2.0 HD UVC WebCam: USB2.0 HD: is tagged by udev as: Keyboard
[   670.159] (II) event12 - USB2.0 HD UVC WebCam: USB2.0 HD: device is a keyboard
[   670.159] (II) event12 - USB2.0 HD UVC WebCam: USB2.0 HD: device removed
[   670.159] (**) Option "config_info" "udev:/sys/devices/pci0000:00/0000:00:14.0/usb1/1-7/1-7:1.0/input/input12/event12"
[   670.159] (II) XINPUT: Adding extended input device "USB2.0 HD UVC WebCam: USB2.0 HD" (type: KEYBOARD, id 15)
[   670.160] (II) event12 - USB2.0 HD UVC WebCam: USB2.0 HD: is tagged by udev as: Keyboard
[   670.160] (II) event12 - USB2.0 HD UVC WebCam: USB2.0 HD: device is a keyboard
[   670.160] (II) config/udev: Adding input device ELAN1200:00 04F3:3090 Mouse (/dev/input/event11)
[   670.160] (**) ELAN1200:00 04F3:3090 Mouse: Applying InputClass "libinput pointer catchall"
[   670.160] (II) Using input driver 'libinput' for 'ELAN1200:00 04F3:3090 Mouse'
[   670.161] (II) systemd-logind: got fd for /dev/input/event11 13:75 fd 43 paused 0
[   670.161] (**) ELAN1200:00 04F3:3090 Mouse: always reports core events
[   670.161] (**) Option "Device" "/dev/input/event11"
[   670.161] (**) Option "_source" "server/udev"
[   670.162] (II) event11 - ELAN1200:00 04F3:3090 Mouse: is tagged by udev as: Mouse Pointingstick
[   670.162] (II) event11 - ELAN1200:00 04F3:3090 Mouse: device is a pointer
[   670.163] (II) event11 - ELAN1200:00 04F3:3090 Mouse: device removed
[   670.163] (**) Option "config_info" "udev:/sys/devices/pci0000:00/0000:00:15.0/i2c_designware.0/i2c-0/i2c-ELAN1200:00/0018:04F3:3090.0002/input/input16/event11"
[   670.163] (II) XINPUT: Adding extended input device "ELAN1200:00 04F3:3090 Mouse" (type: MOUSE, id 16)
[   670.163] (**) Option "AccelerationScheme" "none"
[   670.163] (**) ELAN1200:00 04F3:3090 Mouse: (accel) selected scheme none/0
[   670.163] (**) ELAN1200:00 04F3:3090 Mouse: (accel) acceleration factor: 2.000
[   670.163] (**) ELAN1200:00 04F3:3090 Mouse: (accel) acceleration threshold: 4
[   670.163] (II) event11 - ELAN1200:00 04F3:3090 Mouse: is tagged by udev as: Mouse Pointingstick
[   670.163] (II) event11 - ELAN1200:00 04F3:3090 Mouse: device is a pointer
[   670.164] (II) config/udev: Adding input device ELAN1200:00 04F3:3090 Mouse (/dev/input/mouse1)
[   670.164] (II) No input driver specified, ignoring this device.
[   670.164] (II) This device may have been added with another device file.
[   670.165] (II) config/udev: Adding input device ELAN1200:00 04F3:3090 Touchpad (/dev/input/event15)
[   670.165] (**) ELAN1200:00 04F3:3090 Touchpad: Applying InputClass "libinput touchpad catchall"
[   670.165] (II) Using input driver 'libinput' for 'ELAN1200:00 04F3:3090 Touchpad'
[   670.165] (II) systemd-logind: got fd for /dev/input/event15 13:79 fd 44 paused 0
[   670.165] (**) ELAN1200:00 04F3:3090 Touchpad: always reports core events
[   670.165] (**) Option "Device" "/dev/input/event15"
[   670.165] (**) Option "_source" "server/udev"
[   670.166] (II) event15 - ELAN1200:00 04F3:3090 Touchpad: is tagged by udev as: Touchpad
[   670.167] (II) event15 - ELAN1200:00 04F3:3090 Touchpad: device is a touchpad
[   670.167] (II) event15 - ELAN1200:00 04F3:3090 Touchpad: device removed
[   670.167] (**) Option "config_info" "udev:/sys/devices/pci0000:00/0000:00:15.0/i2c_designware.0/i2c-0/i2c-ELAN1200:00/0018:04F3:3090.0002/input/input17/event15"
[   670.167] (II) XINPUT: Adding extended input device "ELAN1200:00 04F3:3090 Touchpad" (type: TOUCHPAD, id 17)
[   670.168] (**) Option "AccelerationScheme" "none"
[   670.168] (**) ELAN1200:00 04F3:3090 Touchpad: (accel) selected scheme none/0
[   670.168] (**) ELAN1200:00 04F3:3090 Touchpad: (accel) acceleration factor: 2.000
[   670.168] (**) ELAN1200:00 04F3:3090 Touchpad: (accel) acceleration threshold: 4
[   670.169] (II) event15 - ELAN1200:00 04F3:3090 Touchpad: is tagged by udev as: Touchpad
[   670.170] (II) event15 - ELAN1200:00 04F3:3090 Touchpad: device is a touchpad
[   670.170] (II) config/udev: Adding input device ELAN1200:00 04F3:3090 Touchpad (/dev/input/mouse2)
[   670.170] (II) No input driver specified, ignoring this device.
[   670.170] (II) This device may have been added with another device file.
[   670.171] (II) config/udev: Adding input device HDA Intel PCH Front Headphone (/dev/input/event16)
[   670.171] (II) No input driver specified, ignoring this device.
[   670.171] (II) This device may have been added with another device file.
[   670.171] (II) config/udev: Adding input device HDA Intel PCH HDMI/DP,pcm=3 (/dev/input/event17)
[   670.171] (II) No input driver specified, ignoring this device.
[   670.171] (II) This device may have been added with another device file.
[   670.171] (II) config/udev: Adding input device HDA Intel PCH HDMI/DP,pcm=7 (/dev/input/event18)
[   670.171] (II) No input driver specified, ignoring this device.
[   670.171] (II) This device may have been added with another device file.
[   670.171] (II) config/udev: Adding input device HDA Intel PCH HDMI/DP,pcm=8 (/dev/input/event19)
[   670.171] (II) No input driver specified, ignoring this device.
[   670.171] (II) This device may have been added with another device file.
[   670.171] (II) config/udev: Adding input device HDA Intel PCH HDMI/DP,pcm=9 (/dev/input/event20)
[   670.171] (II) No input driver specified, ignoring this device.
[   670.171] (II) This device may have been added with another device file.
[   670.171] (II) config/udev: Adding input device HDA Intel PCH HDMI/DP,pcm=10 (/dev/input/event21)
[   670.171] (II) No input driver specified, ignoring this device.
[   670.171] (II) This device may have been added with another device file.
[   670.172] (II) config/udev: Adding input device Asus WMI hotkeys (/dev/input/event10)
[   670.172] (**) Asus WMI hotkeys: Applying InputClass "libinput keyboard catchall"
[   670.172] (II) Using input driver 'libinput' for 'Asus WMI hotkeys'
[   670.172] (II) systemd-logind: got fd for /dev/input/event10 13:74 fd 45 paused 0
[   670.172] (**) Asus WMI hotkeys: always reports core events
[   670.172] (**) Option "Device" "/dev/input/event10"
[   670.172] (**) Option "_source" "server/udev"
[   670.172] (II) event10 - Asus WMI hotkeys: is tagged by udev as: Keyboard
[   670.173] (II) event10 - Asus WMI hotkeys: device is a keyboard
[   670.173] (II) event10 - Asus WMI hotkeys: device removed
[   670.173] (**) Option "config_info" "udev:/sys/devices/platform/asus-nb-wmi/input/input15/event10"
[   670.173] (II) XINPUT: Adding extended input device "Asus WMI hotkeys" (type: KEYBOARD, id 18)
[   670.173] (II) event10 - Asus WMI hotkeys: is tagged by udev as: Keyboard
[   670.173] (II) event10 - Asus WMI hotkeys: device is a keyboard
[   670.173] (II) config/udev: Adding input device AT Translated Set 2 keyboard (/dev/input/event4)
[   670.173] (**) AT Translated Set 2 keyboard: Applying InputClass "libinput keyboard catchall"
[   670.173] (II) Using input driver 'libinput' for 'AT Translated Set 2 keyboard'
[   670.174] (II) systemd-logind: got fd for /dev/input/event4 13:68 fd 46 paused 0
[   670.174] (**) AT Translated Set 2 keyboard: always reports core events
[   670.174] (**) Option "Device" "/dev/input/event4"
[   670.174] (**) Option "_source" "server/udev"
[   670.175] (II) event4  - AT Translated Set 2 keyboard: is tagged by udev as: Keyboard
[   670.175] (II) event4  - AT Translated Set 2 keyboard: device is a keyboard
[   670.176] (II) event4  - AT Translated Set 2 keyboard: device removed
[   670.176] (**) Option "config_info" "udev:/sys/devices/platform/i8042/serio0/input/input4/event4"
[   670.176] (II) XINPUT: Adding extended input device "AT Translated Set 2 keyboard" (type: KEYBOARD, id 19)
[   670.176] (II) event4  - AT Translated Set 2 keyboard: is tagged by udev as: Keyboard
[   670.176] (II) event4  - AT Translated Set 2 keyboard: device is a keyboard
[   670.177] (II) config/udev: Adding input device PC Speaker (/dev/input/event9)
[   670.177] (II) No input driver specified, ignoring this device.
[   670.177] (II) This device may have been added with another device file.
[   670.225] (**) HID 1bcf:08a0 Keyboard: Applying InputClass "libinput keyboard catchall"
[   670.225] (II) Using input driver 'libinput' for 'HID 1bcf:08a0 Keyboard'
[   670.225] (II) systemd-logind: returning pre-existing fd for /dev/input/event6 13:70
[   670.225] (**) HID 1bcf:08a0 Keyboard: always reports core events
[   670.225] (**) Option "Device" "/dev/input/event6"
[   670.225] (**) Option "_source" "_driver/libinput"
[   670.225] (II) libinput: HID 1bcf:08a0 Keyboard: is a virtual subdevice
[   670.225] (**) Option "config_info" "udev:/sys/devices/pci0000:00/0000:00:14.0/usb1/1-3/1-3:1.0/0003:1BCF:08A0.0001/input/input6/event6"
[   670.225] (II) XINPUT: Adding extended input device "HID 1bcf:08a0 Keyboard" (type: KEYBOARD, id 20)
[   670.543] (II) modeset(0): EDID vendor "NCP", prod id 41
[   670.543] (II) modeset(0): Printing DDC gathered Modelines:
[   670.543] (II) modeset(0): Modeline "1920x1080"x0.0  139.77  1920 1968 2000 2080  1080 1083 1089 1120 -hsync -vsync (67.2 kHz eP)
[   670.543] (II) modeset(0): Modeline "1920x1080"x0.0  111.82  1920 1968 2000 2080  1080 1083 1089 1120 -hsync -vsync (53.8 kHz e)
[   670.613] (II) modeset(0): EDID vendor "NCP", prod id 41
[   670.613] (II) modeset(0): Printing DDC gathered Modelines:
[   670.613] (II) modeset(0): Modeline "1920x1080"x0.0  139.77  1920 1968 2000 2080  1080 1083 1089 1120 -hsync -vsync (67.2 kHz eP)
[   670.613] (II) modeset(0): Modeline "1920x1080"x0.0  111.82  1920 1968 2000 2080  1080 1083 1089 1120 -hsync -vsync (53.8 kHz e)
[   670.620] (II) modeset(0): EDID vendor "NCP", prod id 41
[   670.620] (II) modeset(0): Printing DDC gathered Modelines:
[   670.620] (II) modeset(0): Modeline "1920x1080"x0.0  139.77  1920 1968 2000 2080  1080 1083 1089 1120 -hsync -vsync (67.2 kHz eP)
[   670.620] (II) modeset(0): Modeline "1920x1080"x0.0  111.82  1920 1968 2000 2080  1080 1083 1089 1120 -hsync -vsync (53.8 kHz e)
[   670.626] (II) modeset(0): EDID vendor "NCP", prod id 41
[   670.626] (II) modeset(0): Printing DDC gathered Modelines:
[   670.626] (II) modeset(0): Modeline "1920x1080"x0.0  139.77  1920 1968 2000 2080  1080 1083 1089 1120 -hsync -vsync (67.2 kHz eP)
[   670.626] (II) modeset(0): Modeline "1920x1080"x0.0  111.82  1920 1968 2000 2080  1080 1083 1089 1120 -hsync -vsync (53.8 kHz e)
[   670.633] (II) modeset(0): EDID vendor "NCP", prod id 41
[   670.633] (II) modeset(0): Printing DDC gathered Modelines:
[   670.633] (II) modeset(0): Modeline "1920x1080"x0.0  139.77  1920 1968 2000 2080  1080 1083 1089 1120 -hsync -vsync (67.2 kHz eP)
[   670.633] (II) modeset(0): Modeline "1920x1080"x0.0  111.82  1920 1968 2000 2080  1080 1083 1089 1120 -hsync -vsync (53.8 kHz e)
[   670.647] (II) modeset(0): EDID vendor "NCP", prod id 41
[   670.647] (II) modeset(0): Printing DDC gathered Modelines:
[   670.647] (II) modeset(0): Modeline "1920x1080"x0.0  139.77  1920 1968 2000 2080  1080 1083 1089 1120 -hsync -vsync (67.2 kHz eP)
[   670.647] (II) modeset(0): Modeline "1920x1080"x0.0  111.82  1920 1968 2000 2080  1080 1083 1089 1120 -hsync -vsync (53.8 kHz e)
[  1111.619] (II) modeset(0): EDID vendor "NCP", prod id 41
[  1111.619] (II) modeset(0): Printing DDC gathered Modelines:
[  1111.619] (II) modeset(0): Modeline "1920x1080"x0.0  139.77  1920 1968 2000 2080  1080 1083 1089 1120 -hsync -vsync (67.2 kHz eP)
[  1111.619] (II) modeset(0): Modeline "1920x1080"x0.0  111.82  1920 1968 2000 2080  1080 1083 1089 1120 -hsync -vsync (53.8 kHz e)
[  1111.627] (II) modeset(0): EDID vendor "NCP", prod id 41
[  1111.627] (II) modeset(0): Printing DDC gathered Modelines:
[  1111.627] (II) modeset(0): Modeline "1920x1080"x0.0  139.77  1920 1968 2000 2080  1080 1083 1089 1120 -hsync -vsync (67.2 kHz eP)
[  1111.627] (II) modeset(0): Modeline "1920x1080"x0.0  111.82  1920 1968 2000 2080  1080 1083 1089 1120 -hsync -vsync (53.8 kHz e)
[  1111.635] (II) modeset(0): EDID vendor "NCP", prod id 41
[  1111.635] (II) modeset(0): Printing DDC gathered Modelines:
[  1111.635] (II) modeset(0): Modeline "1920x1080"x0.0  139.77  1920 1968 2000 2080  1080 1083 1089 1120 -hsync -vsync (67.2 kHz eP)
[  1111.635] (II) modeset(0): Modeline "1920x1080"x0.0  111.82  1920 1968 2000 2080  1080 1083 1089 1120 -hsync -vsync (53.8 kHz e)
[  1111.643] (II) modeset(0): EDID vendor "NCP", prod id 41
[  1111.643] (II) modeset(0): Printing DDC gathered Modelines:
[  1111.643] (II) modeset(0): Modeline "1920x1080"x0.0  139.77  1920 1968 2000 2080  1080 1083 1089 1120 -hsync -vsync (67.2 kHz eP)
[  1111.643] (II) modeset(0): Modeline "1920x1080"x0.0  111.82  1920 1968 2000 2080  1080 1083 1089 1120 -hsync -vsync (53.8 kHz e)
[  1111.652] (II) modeset(0): EDID vendor "NCP", prod id 41
[  1111.652] (II) modeset(0): Printing DDC gathered Modelines:
[  1111.652] (II) modeset(0): Modeline "1920x1080"x0.0  139.77  1920 1968 2000 2080  1080 1083 1089 1120 -hsync -vsync (67.2 kHz eP)
[  1111.652] (II) modeset(0): Modeline "1920x1080"x0.0  111.82  1920 1968 2000 2080  1080 1083 1089 1120 -hsync -vsync (53.8 kHz e)
[  1212.803] (II) modeset(0): EDID vendor "NCP", prod id 41
[  1212.803] (II) modeset(0): Printing DDC gathered Modelines:
[  1212.803] (II) modeset(0): Modeline "1920x1080"x0.0  139.77  1920 1968 2000 2080  1080 1083 1089 1120 -hsync -vsync (67.2 kHz eP)
[  1212.803] (II) modeset(0): Modeline "1920x1080"x0.0  111.82  1920 1968 2000 2080  1080 1083 1089 1120 -hsync -vsync (53.8 kHz e)
[  1212.810] (II) modeset(0): EDID vendor "NCP", prod id 41
[  1212.810] (II) modeset(0): Printing DDC gathered Modelines:
[  1212.810] (II) modeset(0): Modeline "1920x1080"x0.0  139.77  1920 1968 2000 2080  1080 1083 1089 1120 -hsync -vsync (67.2 kHz eP)
[  1212.810] (II) modeset(0): Modeline "1920x1080"x0.0  111.82  1920 1968 2000 2080  1080 1083 1089 1120 -hsync -vsync (53.8 kHz e)
[  1212.817] (II) modeset(0): EDID vendor "NCP", prod id 41
[  1212.817] (II) modeset(0): Printing DDC gathered Modelines:
[  1212.817] (II) modeset(0): Modeline "1920x1080"x0.0  139.77  1920 1968 2000 2080  1080 1083 1089 1120 -hsync -vsync (67.2 kHz eP)
[  1212.817] (II) modeset(0): Modeline "1920x1080"x0.0  111.82  1920 1968 2000 2080  1080 1083 1089 1120 -hsync -vsync (53.8 kHz e)
[  1212.824] (II) modeset(0): EDID vendor "NCP", prod id 41
[  1212.824] (II) modeset(0): Printing DDC gathered Modelines:
[  1212.824] (II) modeset(0): Modeline "1920x1080"x0.0  139.77  1920 1968 2000 2080  1080 1083 1089 1120 -hsync -vsync (67.2 kHz eP)
[  1212.824] (II) modeset(0): Modeline "1920x1080"x0.0  111.82  1920 1968 2000 2080  1080 1083 1089 1120 -hsync -vsync (53.8 kHz e)
[  1212.833] (II) modeset(0): EDID vendor "NCP", prod id 41
[  1212.833] (II) modeset(0): Printing DDC gathered Modelines:
[  1212.833] (II) modeset(0): Modeline "1920x1080"x0.0  139.77  1920 1968 2000 2080  1080 1083 1089 1120 -hsync -vsync (67.2 kHz eP)
[  1212.833] (II) modeset(0): Modeline "1920x1080"x0.0  111.82  1920 1968 2000 2080  1080 1083 1089 1120 -hsync -vsync (53.8 kHz e)
[  1578.092] (II) modeset(0): EDID vendor "NCP", prod id 41
[  1578.092] (II) modeset(0): Printing DDC gathered Modelines:
[  1578.092] (II) modeset(0): Modeline "1920x1080"x0.0  139.77  1920 1968 2000 2080  1080 1083 1089 1120 -hsync -vsync (67.2 kHz eP)
[  1578.092] (II) modeset(0): Modeline "1920x1080"x0.0  111.82  1920 1968 2000 2080  1080 1083 1089 1120 -hsync -vsync (53.8 kHz e)
[  1578.113] (II) modeset(0): EDID vendor "NCP", prod id 41
[  1578.113] (II) modeset(0): Printing DDC gathered Modelines:
[  1578.113] (II) modeset(0): Modeline "1920x1080"x0.0  139.77  1920 1968 2000 2080  1080 1083 1089 1120 -hsync -vsync (67.2 kHz eP)
[  1578.113] (II) modeset(0): Modeline "1920x1080"x0.0  111.82  1920 1968 2000 2080  1080 1083 1089 1120 -hsync -vsync (53.8 kHz e)
[  1578.121] (II) modeset(0): EDID vendor "NCP", prod id 41
[  1578.121] (II) modeset(0): Printing DDC gathered Modelines:
[  1578.121] (II) modeset(0): Modeline "1920x1080"x0.0  139.77  1920 1968 2000 2080  1080 1083 1089 1120 -hsync -vsync (67.2 kHz eP)
[  1578.121] (II) modeset(0): Modeline "1920x1080"x0.0  111.82  1920 1968 2000 2080  1080 1083 1089 1120 -hsync -vsync (53.8 kHz e)
[  1578.129] (II) modeset(0): EDID vendor "NCP", prod id 41
[  1578.129] (II) modeset(0): Printing DDC gathered Modelines:
[  1578.129] (II) modeset(0): Modeline "1920x1080"x0.0  139.77  1920 1968 2000 2080  1080 1083 1089 1120 -hsync -vsync (67.2 kHz eP)
[  1578.129] (II) modeset(0): Modeline "1920x1080"x0.0  111.82  1920 1968 2000 2080  1080 1083 1089 1120 -hsync -vsync (53.8 kHz e)
[  1578.137] (II) modeset(0): EDID vendor "NCP", prod id 41
[  1578.137] (II) modeset(0): Printing DDC gathered Modelines:
[  1578.137] (II) modeset(0): Modeline "1920x1080"x0.0  139.77  1920 1968 2000 2080  1080 1083 1089 1120 -hsync -vsync (67.2 kHz eP)
[  1578.137] (II) modeset(0): Modeline "1920x1080"x0.0  111.82  1920 1968 2000 2080  1080 1083 1089 1120 -hsync -vsync (53.8 kHz e)
[  1578.147] (II) modeset(0): EDID vendor "NCP", prod id 41
[  1578.147] (II) modeset(0): Printing DDC gathered Modelines:
[  1578.147] (II) modeset(0): Modeline "1920x1080"x0.0  139.77  1920 1968 2000 2080  1080 1083 1089 1120 -hsync -vsync (67.2 kHz eP)
[  1578.147] (II) modeset(0): Modeline "1920x1080"x0.0  111.82  1920 1968 2000 2080  1080 1083 1089 1120 -hsync -vsync (53.8 kHz e)
[  3082.671] (EE) event15 - ELAN1200:00 04F3:3090 Touchpad: client bug: event processing lagging behind by 17ms, your system is too slow
